[2023-11-06 21:36:15.731] [pxr_streamer] [info] ***********  Log Begin **********
[2023-11-06 21:36:15.731] [pxr_streamer] [info] process id= 10244
[2023-11-06 21:36:15.731] [pxr_streamer] [error] rpc_terminal.cpp:37 operator (): connect failed, error= No connection could be made because the target machine actively refused it., this = 0xf6ca30a0
[2023-11-06 21:36:15.733] [pxr_streamer] [error] rpc_terminal.h:50 Call: invalid rpc_client_, msg = Hello, this = 0xf6ca30a0
[2023-11-06 21:36:15.733] [pxr_streamer] [error] rpc_terminal.h:50 Call: invalid rpc_client_, msg = QueryRemoteTerminals, this = 0xf6ca30a0
[2023-11-06 21:36:18.780] [pxr_streamer] [error] rpc_terminal.cpp:37 operator (): connect failed, error= No connection could be made because the target machine actively refused it., this = 0xf6ca30a0
[2023-11-06 21:36:21.820] [pxr_streamer] [error] rpc_terminal.cpp:37 operator (): connect failed, error= No connection could be made because the target machine actively refused it., this = 0xf6ca30a0
[2023-11-06 21:36:24.860] [pxr_streamer] [error] rpc_terminal.cpp:37 operator (): connect failed, error= No connection could be made because the target machine actively refused it., this = 0xf6ca30a0
[2023-11-06 21:36:27.898] [pxr_streamer] [error] rpc_terminal.cpp:37 operator (): connect failed, error= No connection could be made because the target machine actively refused it., this = 0xf6ca30a0
[2023-11-06 21:36:30.934] [pxr_streamer] [error] rpc_terminal.cpp:37 operator (): connect failed, error= No connection could be made because the target machine actively refused it., this = 0xf6ca30a0
[2023-11-06 21:36:33.978] [pxr_streamer] [error] rpc_terminal.cpp:37 operator (): connect failed, error= No connection could be made because the target machine actively refused it., this = 0xf6ca30a0
[2023-11-06 21:36:37.031] [pxr_streamer] [error] rpc_terminal.cpp:37 operator (): connect failed, error= No connection could be made because the target machine actively refused it., this = 0xf6ca30a0
[2023-11-06 21:36:40.075] [pxr_streamer] [error] rpc_terminal.cpp:37 operator (): connect failed, error= No connection could be made because the target machine actively refused it., this = 0xf6ca30a0
[2023-11-06 21:36:43.114] [pxr_streamer] [error] rpc_terminal.cpp:37 operator (): connect failed, error= No connection could be made because the target machine actively refused it., this = 0xf6ca30a0
[2023-11-06 21:36:46.165] [pxr_streamer] [error] rpc_terminal.cpp:37 operator (): connect failed, error= No connection could be made because the target machine actively refused it., this = 0xf6ca30a0
[2023-11-06 21:36:49.219] [pxr_streamer] [error] rpc_terminal.cpp:37 operator (): connect failed, error= No connection could be made because the target machine actively refused it., this = 0xf6ca30a0
[2023-11-06 21:36:52.262] [pxr_streamer] [error] rpc_terminal.cpp:37 operator (): connect failed, error= No connection could be made because the target machine actively refused it., this = 0xf6ca30a0
[2023-11-06 21:36:55.312] [pxr_streamer] [error] rpc_terminal.cpp:37 operator (): connect failed, error= No connection could be made because the target machine actively refused it., this = 0xf6ca30a0
[2023-11-06 21:36:58.357] [pxr_streamer] [error] rpc_terminal.cpp:37 operator (): connect failed, error= No connection could be made because the target machine actively refused it., this = 0xf6ca30a0
[2023-11-06 21:37:01.391] [pxr_streamer] [error] rpc_terminal.cpp:37 operator (): connect failed, error= No connection could be made because the target machine actively refused it., this = 0xf6ca30a0
[2023-11-06 21:37:04.428] [pxr_streamer] [error] rpc_terminal.cpp:37 operator (): connect failed, error= No connection could be made because the target machine actively refused it., this = 0xf6ca30a0
[2023-11-06 21:37:07.446] [pxr_streamer] [error] rpc_terminal.cpp:37 operator (): connect failed, error= No connection could be made because the target machine actively refused it., this = 0xf6ca30a0
[2023-11-06 21:37:10.502] [pxr_streamer] [error] rpc_terminal.cpp:37 operator (): connect failed, error= No connection could be made because the target machine actively refused it., this = 0xf6ca30a0
[2023-11-06 21:37:13.559] [pxr_streamer] [error] rpc_terminal.cpp:37 operator (): connect failed, error= No connection could be made because the target machine actively refused it., this = 0xf6ca30a0
[2023-11-06 21:37:16.615] [pxr_streamer] [error] rpc_terminal.cpp:37 operator (): connect failed, error= No connection could be made because the target machine actively refused it., this = 0xf6ca30a0
[2023-11-06 21:37:19.662] [pxr_streamer] [error] rpc_terminal.cpp:37 operator (): connect failed, error= No connection could be made because the target machine actively refused it., this = 0xf6ca30a0
[2023-11-06 21:37:22.708] [pxr_streamer] [error] rpc_terminal.cpp:37 operator (): connect failed, error= No connection could be made because the target machine actively refused it., this = 0xf6ca30a0
[2023-11-06 21:37:25.765] [pxr_streamer] [error] rpc_terminal.cpp:37 operator (): connect failed, error= No connection could be made because the target machine actively refused it., this = 0xf6ca30a0
[2023-11-06 21:37:28.801] [pxr_streamer] [error] rpc_terminal.cpp:37 operator (): connect failed, error= No connection could be made because the target machine actively refused it., this = 0xf6ca30a0
[2023-11-06 21:37:31.852] [pxr_streamer] [error] rpc_terminal.cpp:37 operator (): connect failed, error= No connection could be made because the target machine actively refused it., this = 0xf6ca30a0
[2023-11-06 21:37:34.876] [pxr_streamer] [error] rpc_terminal.cpp:37 operator (): connect failed, error= No connection could be made because the target machine actively refused it., this = 0xf6ca30a0
[2023-11-06 21:37:37.900] [pxr_streamer] [error] rpc_terminal.cpp:37 operator (): connect failed, error= No connection could be made because the target machine actively refused it., this = 0xf6ca30a0
[2023-11-06 21:37:40.918] [pxr_streamer] [error] rpc_terminal.cpp:37 operator (): connect failed, error= No connection could be made because the target machine actively refused it., this = 0xf6ca30a0
[2023-11-06 21:37:43.975] [pxr_streamer] [error] rpc_terminal.cpp:37 operator (): connect failed, error= No connection could be made because the target machine actively refused it., this = 0xf6ca30a0
[2023-11-06 21:37:46.989] [pxr_streamer] [error] rpc_terminal.cpp:37 operator (): connect failed, error= No connection could be made because the target machine actively refused it., this = 0xf6ca30a0
[2023-11-06 21:37:50.027] [pxr_streamer] [error] rpc_terminal.cpp:37 operator (): connect failed, error= No connection could be made because the target machine actively refused it., this = 0xf6ca30a0
[2023-11-06 21:37:53.052] [pxr_streamer] [error] rpc_terminal.cpp:37 operator (): connect failed, error= No connection could be made because the target machine actively refused it., this = 0xf6ca30a0
[2023-11-06 21:37:56.083] [pxr_streamer] [error] rpc_terminal.cpp:37 operator (): connect failed, error= No connection could be made because the target machine actively refused it., this = 0xf6ca30a0
[2023-11-06 21:37:59.116] [pxr_streamer] [error] rpc_terminal.cpp:37 operator (): connect failed, error= No connection could be made because the target machine actively refused it., this = 0xf6ca30a0
[2023-11-06 21:38:02.148] [pxr_streamer] [error] rpc_terminal.cpp:37 operator (): connect failed, error= No connection could be made because the target machine actively refused it., this = 0xf6ca30a0
[2023-11-06 21:38:05.168] [pxr_streamer] [error] rpc_terminal.cpp:37 operator (): connect failed, error= No connection could be made because the target machine actively refused it., this = 0xf6ca30a0
[2023-11-06 21:38:08.185] [pxr_streamer] [error] rpc_terminal.cpp:37 operator (): connect failed, error= No connection could be made because the target machine actively refused it., this = 0xf6ca30a0
[2023-11-06 21:38:11.225] [pxr_streamer] [error] rpc_terminal.cpp:37 operator (): connect failed, error= No connection could be made because the target machine actively refused it., this = 0xf6ca30a0
[2023-11-06 21:38:14.257] [pxr_streamer] [error] rpc_terminal.cpp:37 operator (): connect failed, error= No connection could be made because the target machine actively refused it., this = 0xf6ca30a0
[2023-11-06 21:38:17.289] [pxr_streamer] [error] rpc_terminal.cpp:37 operator (): connect failed, error= No connection could be made because the target machine actively refused it., this = 0xf6ca30a0
[2023-11-06 21:38:20.318] [pxr_streamer] [error] rpc_terminal.cpp:37 operator (): connect failed, error= No connection could be made because the target machine actively refused it., this = 0xf6ca30a0
[2023-11-06 21:38:23.336] [pxr_streamer] [error] rpc_terminal.cpp:37 operator (): connect failed, error= No connection could be made because the target machine actively refused it., this = 0xf6ca30a0
[2023-11-06 21:38:26.358] [pxr_streamer] [error] rpc_terminal.cpp:37 operator (): connect failed, error= No connection could be made because the target machine actively refused it., this = 0xf6ca30a0
[2023-11-06 21:38:29.384] [pxr_streamer] [error] rpc_terminal.cpp:37 operator (): connect failed, error= No connection could be made because the target machine actively refused it., this = 0xf6ca30a0
[2023-11-06 21:38:32.412] [pxr_streamer] [error] rpc_terminal.cpp:37 operator (): connect failed, error= No connection could be made because the target machine actively refused it., this = 0xf6ca30a0
[2023-11-06 21:38:35.434] [pxr_streamer] [error] rpc_terminal.cpp:37 operator (): connect failed, error= No connection could be made because the target machine actively refused it., this = 0xf6ca30a0
[2023-11-06 21:38:38.454] [pxr_streamer] [error] rpc_terminal.cpp:37 operator (): connect failed, error= No connection could be made because the target machine actively refused it., this = 0xf6ca30a0
[2023-11-06 21:38:41.477] [pxr_streamer] [error] rpc_terminal.cpp:37 operator (): connect failed, error= No connection could be made because the target machine actively refused it., this = 0xf6ca30a0
[2023-11-06 21:38:44.500] [pxr_streamer] [error] rpc_terminal.cpp:37 operator (): connect failed, error= No connection could be made because the target machine actively refused it., this = 0xf6ca30a0
[2023-11-06 21:38:47.522] [pxr_streamer] [error] rpc_terminal.cpp:37 operator (): connect failed, error= No connection could be made because the target machine actively refused it., this = 0xf6ca30a0
[2023-11-06 21:38:50.544] [pxr_streamer] [error] rpc_terminal.cpp:37 operator (): connect failed, error= No connection could be made because the target machine actively refused it., this = 0xf6ca30a0
[2023-11-06 21:38:53.558] [pxr_streamer] [error] rpc_terminal.cpp:37 operator (): connect failed, error= No connection could be made because the target machine actively refused it., this = 0xf6ca30a0
[2023-11-06 21:38:56.582] [pxr_streamer] [error] rpc_terminal.cpp:37 operator (): connect failed, error= No connection could be made because the target machine actively refused it., this = 0xf6ca30a0
[2023-11-06 21:38:59.610] [pxr_streamer] [error] rpc_terminal.cpp:37 operator (): connect failed, error= No connection could be made because the target machine actively refused it., this = 0xf6ca30a0
[2023-11-06 21:39:02.653] [pxr_streamer] [error] rpc_terminal.cpp:37 operator (): connect failed, error= No connection could be made because the target machine actively refused it., this = 0xf6ca30a0
[2023-11-06 21:39:05.686] [pxr_streamer] [error] rpc_terminal.cpp:37 operator (): connect failed, error= No connection could be made because the target machine actively refused it., this = 0xf6ca30a0
[2023-11-06 21:39:08.716] [pxr_streamer] [error] rpc_terminal.cpp:37 operator (): connect failed, error= No connection could be made because the target machine actively refused it., this = 0xf6ca30a0
[2023-11-06 21:39:11.737] [pxr_streamer] [error] rpc_terminal.cpp:37 operator (): connect failed, error= No connection could be made because the target machine actively refused it., this = 0xf6ca30a0
[2023-11-06 21:39:14.752] [pxr_streamer] [error] rpc_terminal.cpp:37 operator (): connect failed, error= No connection could be made because the target machine actively refused it., this = 0xf6ca30a0
[2023-11-06 21:39:17.785] [pxr_streamer] [error] rpc_terminal.cpp:37 operator (): connect failed, error= No connection could be made because the target machine actively refused it., this = 0xf6ca30a0
[2023-11-06 21:39:20.795] [pxr_streamer] [error] rpc_terminal.cpp:37 operator (): connect failed, error= No connection could be made because the target machine actively refused it., this = 0xf6ca30a0
[2023-11-06 21:39:23.831] [pxr_streamer] [error] rpc_terminal.cpp:37 operator (): connect failed, error= No connection could be made because the target machine actively refused it., this = 0xf6ca30a0
[2023-11-06 21:39:26.853] [pxr_streamer] [error] rpc_terminal.cpp:37 operator (): connect failed, error= No connection could be made because the target machine actively refused it., this = 0xf6ca30a0
[2023-11-06 21:39:29.903] [pxr_streamer] [error] rpc_terminal.cpp:37 operator (): connect failed, error= No connection could be made because the target machine actively refused it., this = 0xf6ca30a0
[2023-11-06 21:39:32.951] [pxr_streamer] [error] rpc_terminal.cpp:37 operator (): connect failed, error= No connection could be made because the target machine actively refused it., this = 0xf6ca30a0
[2023-11-06 21:39:35.992] [pxr_streamer] [error] rpc_terminal.cpp:37 operator (): connect failed, error= No connection could be made because the target machine actively refused it., this = 0xf6ca30a0
[2023-11-06 21:39:39.037] [pxr_streamer] [error] rpc_terminal.cpp:37 operator (): connect failed, error= No connection could be made because the target machine actively refused it., this = 0xf6ca30a0
[2023-11-06 21:39:42.076] [pxr_streamer] [error] rpc_terminal.cpp:37 operator (): connect failed, error= No connection could be made because the target machine actively refused it., this = 0xf6ca30a0
[2023-11-06 21:39:45.137] [pxr_streamer] [error] rpc_terminal.cpp:37 operator (): connect failed, error= No connection could be made because the target machine actively refused it., this = 0xf6ca30a0
[2023-11-06 21:39:48.177] [pxr_streamer] [error] rpc_terminal.cpp:37 operator (): connect failed, error= No connection could be made because the target machine actively refused it., this = 0xf6ca30a0
[2023-11-06 21:39:51.228] [pxr_streamer] [error] rpc_terminal.cpp:37 operator (): connect failed, error= No connection could be made because the target machine actively refused it., this = 0xf6ca30a0
[2023-11-06 21:39:54.277] [pxr_streamer] [error] rpc_terminal.cpp:37 operator (): connect failed, error= No connection could be made because the target machine actively refused it., this = 0xf6ca30a0
[2023-11-06 21:39:57.312] [pxr_streamer] [error] rpc_terminal.cpp:37 operator (): connect failed, error= No connection could be made because the target machine actively refused it., this = 0xf6ca30a0
[2023-11-06 21:40:00.355] [pxr_streamer] [error] rpc_terminal.cpp:37 operator (): connect failed, error= No connection could be made because the target machine actively refused it., this = 0xf6ca30a0
[2023-11-06 21:40:03.391] [pxr_streamer] [error] rpc_terminal.cpp:37 operator (): connect failed, error= No connection could be made because the target machine actively refused it., this = 0xf6ca30a0
[2023-11-06 21:40:06.437] [pxr_streamer] [error] rpc_terminal.cpp:37 operator (): connect failed, error= No connection could be made because the target machine actively refused it., this = 0xf6ca30a0
[2023-11-06 21:40:09.487] [pxr_streamer] [error] rpc_terminal.cpp:37 operator (): connect failed, error= No connection could be made because the target machine actively refused it., this = 0xf6ca30a0
[2023-11-06 21:40:12.538] [pxr_streamer] [error] rpc_terminal.cpp:37 operator (): connect failed, error= No connection could be made because the target machine actively refused it., this = 0xf6ca30a0
